Detecting C [-std=c11] compiler features failed to compile with the following output:
Change Dir: C:/Users/achen/CLionProjects/classwork 2/HW #3 part 1/cmake-build-debug/CMakeFiles/CMakeTmp

Run Build Command:"C:/PROGRA~1/MINGW-~1/X86_64~1.0-P/mingw64/bin/mingw32-make.exe" "cmTC_57a5a/fast"
C:/PROGRA~1/MINGW-~1/X86_64~1.0-P/mingw64/bin/mingw32-make.exe -f CMakeFiles\cmTC_57a5a.dir\build.make CMakeFiles/cmTC_57a5a.dir/build
mingw32-make.exe[1]: Entering directory 'C:/Users/achen/CLionProjects/classwork 2/HW #3 part 1/cmake-build-debug/CMakeFiles/CMakeTmp'
mingw32-make.exe[1]: *** No rule to make target 'C:/Users/achen/CLionProjects/classwork 2/HW\', needed by 'CMakeFiles/cmTC_57a5a.dir/feature_tests.c.obj'.  Stop.
mingw32-make.exe[1]: Leaving directory 'C:/Users/achen/CLionProjects/classwork 2/HW #3 part 1/cmake-build-debug/CMakeFiles/CMakeTmp'
mingw32-make.exe: *** [Makefile:125: cmTC_57a5a/fast] Error 2



Detecting CXX [-std=c++1z] compiler features failed to compile with the following output:
Change Dir: C:/Users/achen/CLionProjects/classwork 2/HW #3 part 1/cmake-build-debug/CMakeFiles/CMakeTmp

Run Build Command:"C:/PROGRA~1/MINGW-~1/X86_64~1.0-P/mingw64/bin/mingw32-make.exe" "cmTC_38e1c/fast"
C:/PROGRA~1/MINGW-~1/X86_64~1.0-P/mingw64/bin/mingw32-make.exe -f CMakeFiles\cmTC_38e1c.dir\build.make CMakeFiles/cmTC_38e1c.dir/build
mingw32-make.exe[1]: Entering directory 'C:/Users/achen/CLionProjects/classwork 2/HW #3 part 1/cmake-build-debug/CMakeFiles/CMakeTmp'
mingw32-make.exe[1]: *** No rule to make target 'C:/Users/achen/CLionProjects/classwork 2/HW\', needed by 'CMakeFiles/cmTC_38e1c.dir/feature_tests.cxx.obj'.  Stop.
mingw32-make.exe[1]: Leaving directory 'C:/Users/achen/CLionProjects/classwork 2/HW #3 part 1/cmake-build-debug/CMakeFiles/CMakeTmp'
mingw32-make.exe: *** [Makefile:125: cmTC_38e1c/fast] Error 2



