Detecting C [-std=c11] compiler features failed to compile with the following output:
Change Dir: C:/Users/achen/CLionProjects/HW #2 part 4/cmake-build-debug/CMakeFiles/CMakeTmp

Run Build Command:"C:/PROGRA~1/MINGW-~1/X86_64~1.0-P/mingw64/bin/mingw32-make.exe" "cmTC_9bc3d/fast"
C:/PROGRA~1/MINGW-~1/X86_64~1.0-P/mingw64/bin/mingw32-make.exe -f CMakeFiles\cmTC_9bc3d.dir\build.make CMakeFiles/cmTC_9bc3d.dir/build
mingw32-make.exe[1]: Entering directory 'C:/Users/achen/CLionProjects/HW #2 part 4/cmake-build-debug/CMakeFiles/CMakeTmp'
mingw32-make.exe[1]: *** No rule to make target 'C:/Users/achen/CLionProjects/HW\', needed by 'CMakeFiles/cmTC_9bc3d.dir/feature_tests.c.obj'.  Stop.
mingw32-make.exe[1]: Leaving directory 'C:/Users/achen/CLionProjects/HW #2 part 4/cmake-build-debug/CMakeFiles/CMakeTmp'
mingw32-make.exe: *** [Makefile:125: cmTC_9bc3d/fast] Error 2



Detecting CXX [-std=c++1z] compiler features failed to compile with the following output:
Change Dir: C:/Users/achen/CLionProjects/HW #2 part 4/cmake-build-debug/CMakeFiles/CMakeTmp

Run Build Command:"C:/PROGRA~1/MINGW-~1/X86_64~1.0-P/mingw64/bin/mingw32-make.exe" "cmTC_9af0d/fast"
C:/PROGRA~1/MINGW-~1/X86_64~1.0-P/mingw64/bin/mingw32-make.exe -f CMakeFiles\cmTC_9af0d.dir\build.make CMakeFiles/cmTC_9af0d.dir/build
mingw32-make.exe[1]: Entering directory 'C:/Users/achen/CLionProjects/HW #2 part 4/cmake-build-debug/CMakeFiles/CMakeTmp'
mingw32-make.exe[1]: *** No rule to make target 'C:/Users/achen/CLionProjects/HW\', needed by 'CMakeFiles/cmTC_9af0d.dir/feature_tests.cxx.obj'.  Stop.
mingw32-make.exe[1]: Leaving directory 'C:/Users/achen/CLionProjects/HW #2 part 4/cmake-build-debug/CMakeFiles/CMakeTmp'
mingw32-make.exe: *** [Makefile:125: cmTC_9af0d/fast] Error 2



