Detecting C [-std=c11] compiler features failed to compile with the following output:
Change Dir: C:/Users/achen/CLionProjects/HW #2 part 6/cmake-build-debug/CMakeFiles/CMakeTmp

Run Build Command:"C:/PROGRA~1/MINGW-~1/X86_64~1.0-P/mingw64/bin/mingw32-make.exe" "cmTC_5e674/fast"
C:/PROGRA~1/MINGW-~1/X86_64~1.0-P/mingw64/bin/mingw32-make.exe -f CMakeFiles\cmTC_5e674.dir\build.make CMakeFiles/cmTC_5e674.dir/build
mingw32-make.exe[1]: Entering directory 'C:/Users/achen/CLionProjects/HW #2 part 6/cmake-build-debug/CMakeFiles/CMakeTmp'
mingw32-make.exe[1]: *** No rule to make target 'C:/Users/achen/CLionProjects/HW\', needed by 'CMakeFiles/cmTC_5e674.dir/feature_tests.c.obj'.  Stop.
mingw32-make.exe[1]: Leaving directory 'C:/Users/achen/CLionProjects/HW #2 part 6/cmake-build-debug/CMakeFiles/CMakeTmp'
mingw32-make.exe: *** [Makefile:125: cmTC_5e674/fast] Error 2



Detecting CXX [-std=c++1z] compiler features failed to compile with the following output:
Change Dir: C:/Users/achen/CLionProjects/HW #2 part 6/cmake-build-debug/CMakeFiles/CMakeTmp

Run Build Command:"C:/PROGRA~1/MINGW-~1/X86_64~1.0-P/mingw64/bin/mingw32-make.exe" "cmTC_3f912/fast"
C:/PROGRA~1/MINGW-~1/X86_64~1.0-P/mingw64/bin/mingw32-make.exe -f CMakeFiles\cmTC_3f912.dir\build.make CMakeFiles/cmTC_3f912.dir/build
mingw32-make.exe[1]: Entering directory 'C:/Users/achen/CLionProjects/HW #2 part 6/cmake-build-debug/CMakeFiles/CMakeTmp'
mingw32-make.exe[1]: *** No rule to make target 'C:/Users/achen/CLionProjects/HW\', needed by 'CMakeFiles/cmTC_3f912.dir/feature_tests.cxx.obj'.  Stop.
mingw32-make.exe[1]: Leaving directory 'C:/Users/achen/CLionProjects/HW #2 part 6/cmake-build-debug/CMakeFiles/CMakeTmp'
mingw32-make.exe: *** [Makefile:125: cmTC_3f912/fast] Error 2



